2026-05-14 20:20:35,794 ERROR: Exception on /favicon.ico [GET] [in C:\Users\dell\AppData\Local\Programs\Python\Python312\Lib\site-packages\flask\app.py:825]
Traceback (most recent call last):
  File "C:\Users\dell\AppData\Local\Programs\Python\Python312\Lib\site-packages\flask\app.py", line 867, in full_dispatch_request
    rv = self.dispatch_request()
         ^^^^^^^^^^^^^^^^^^^^^^^
  File "C:\Users\dell\AppData\Local\Programs\Python\Python312\Lib\site-packages\flask\app.py", line 841, in dispatch_request
    self.raise_routing_exception(req)
  File "C:\Users\dell\AppData\Local\Programs\Python\Python312\Lib\site-packages\flask\app.py", line 450, in raise_routing_exception
    raise request.routing_exception  # type: ignore
    ^^^^^^^^^^^^^^^^^^^^^^^^^^^^^^^
  File "C:\Users\dell\AppData\Local\Programs\Python\Python312\Lib\site-packages\flask\ctx.py", line 353, in match_request
    result = self.url_adapter.match(return_rule=True)  # type: ignore
             ^^^^^^^^^^^^^^^^^^^^^^^^^^^^^^^^^^^^^^^^
  File "C:\Users\dell\AppData\Local\Programs\Python\Python312\Lib\site-packages\werkzeug\routing\map.py", line 629, in match
    raise NotFound() from None
werkzeug.exceptions.NotFound: 404 Not Found: The requested URL was not found on the server. If you entered the URL manually please check your spelling and try again.

During handling of the above exception, another exception occurred:

Traceback (most recent call last):
  File "C:\Users\dell\AppData\Local\Programs\Python\Python312\Lib\site-packages\flask\app.py", line 1455, in wsgi_app
    response = self.full_dispatch_request()
               ^^^^^^^^^^^^^^^^^^^^^^^^^^^^
  File "C:\Users\dell\AppData\Local\Programs\Python\Python312\Lib\site-packages\flask\app.py", line 869, in full_dispatch_request
    rv = self.handle_user_exception(e)
         ^^^^^^^^^^^^^^^^^^^^^^^^^^^^^
  File "C:\Users\dell\AppData\Local\Programs\Python\Python312\Lib\site-packages\flask\app.py", line 752, in handle_user_exception
    return self.handle_http_exception(e)
           ^^^^^^^^^^^^^^^^^^^^^^^^^^^^^
  File "C:\Users\dell\AppData\Local\Programs\Python\Python312\Lib\site-packages\flask\app.py", line 727, in handle_http_exception
    return self.ensure_sync(handler)(e)
           ^^^^^^^^^^^^^^^^^^^^^^^^^^^^
  File "F:\بايثون\وكالة 2\app.py", line 133, in page_not_found
    return render_template('index.html', error_404=True), 404
           ^^^^^^^^^^^^^^^^^^^^^^^^^^^^^^^^^^^^^^^^^^^^^
  File "C:\Users\dell\AppData\Local\Programs\Python\Python312\Lib\site-packages\flask\templating.py", line 152, in render_template
    return _render(app, template, context)
           ^^^^^^^^^^^^^^^^^^^^^^^^^^^^^^^
  File "C:\Users\dell\AppData\Local\Programs\Python\Python312\Lib\site-packages\flask\templating.py", line 133, in _render
    rv = template.render(context)
         ^^^^^^^^^^^^^^^^^^^^^^^^
  File "C:\Users\dell\AppData\Local\Programs\Python\Python312\Lib\site-packages\jinja2\environment.py", line 1295, in render
    self.environment.handle_exception()
  File "C:\Users\dell\AppData\Local\Programs\Python\Python312\Lib\site-packages\jinja2\environment.py", line 942, in handle_exception
    raise rewrite_traceback_stack(source=source)
  File "F:\بايثون\وكالة 2\templates\index.html", line 1, in top-level template code
    {% extends "base.html" %}
  File "F:\بايثون\وكالة 2\templates\base.html", line 193, in top-level template code
    {% block content %}{% endblock %}
    ^^^^^^^^^^^^^^^^^^^^^^^^^
  File "F:\بايثون\وكالة 2\templates\index.html", line 140, in block 'content'
    {{ form.hidden_tag() }}  <!-- رمز CSRF -->
    ^^^^^^^^^^^^^^^^^^^^^^^^^
  File "C:\Users\dell\AppData\Local\Programs\Python\Python312\Lib\site-packages\jinja2\environment.py", line 490, in getattr
    return getattr(obj, attribute)
           ^^^^^^^^^^^^^^^^^^^^^^^
jinja2.exceptions.UndefinedError: 'form' is undefined
2026-05-14 20:20:35,934 ERROR: 500 خطأ: 500 Internal Server Error: The server encountered an internal error and was unable to complete your request. Either the server is overloaded or there is an error in the application. [in F:\بايثون\وكالة 2\app.py:137]
2026-05-14 20:41:29,100 WARNING: 404 خطأ: /static/images/ai.jpg [in F:\بايثون\وكالة 2\app.py:132]
2026-05-14 20:41:29,101 WARNING: 404 خطأ: /static/images/android.jpg [in F:\بايثون\وكالة 2\app.py:132]
2026-05-14 20:41:29,102 WARNING: 404 خطأ: /static/css/style.css [in F:\بايثون\وكالة 2\app.py:132]
2026-05-14 20:41:29,877 WARNING: 404 خطأ: /static/js/main.js [in F:\بايثون\وكالة 2\app.py:132]
2026-05-14 20:41:29,907 WARNING: 404 خطأ: /static/images/security.jpg [in F:\بايثون\وكالة 2\app.py:132]
2026-05-14 20:41:31,871 WARNING: 404 خطأ: /static/css/style.css [in F:\بايثون\وكالة 2\app.py:132]
2026-05-14 20:41:32,533 WARNING: 404 خطأ: /favicon.ico [in F:\بايثون\وكالة 2\app.py:132]
2026-05-14 20:45:31,250 WARNING: 404 خطأ: /static/css/style.css [in F:\بايثون\وكالة 2\app.py:132]
2026-05-14 20:45:31,264 WARNING: 404 خطأ: /static/images/ai.jpg [in F:\بايثون\وكالة 2\app.py:132]
2026-05-14 20:45:31,289 WARNING: 404 خطأ: /static/images/android.jpg [in F:\بايثون\وكالة 2\app.py:132]
2026-05-14 20:45:31,299 WARNING: 404 خطأ: /static/images/security.jpg [in F:\بايثون\وكالة 2\app.py:132]
2026-05-14 20:45:31,318 WARNING: 404 خطأ: /static/js/main.js [in F:\بايثون\وكالة 2\app.py:132]
2026-05-14 20:45:31,421 WARNING: 404 خطأ: /static/css/style.css [in F:\بايثون\وكالة 2\app.py:132]
2026-05-14 21:03:38,658 WARNING: 404 خطأ: /static/css/style.css [in F:\بايثون\وكالة 2\app.py:132]
2026-05-14 21:03:38,674 WARNING: 404 خطأ: /static/images/ai.jpg [in F:\بايثون\وكالة 2\app.py:132]
2026-05-14 21:03:38,674 WARNING: 404 خطأ: /static/images/android.jpg [in F:\بايثون\وكالة 2\app.py:132]
2026-05-14 21:03:38,802 WARNING: 404 خطأ: /static/images/security.jpg [in F:\بايثون\وكالة 2\app.py:132]
2026-05-14 21:03:38,804 WARNING: 404 خطأ: /static/js/main.js [in F:\بايثون\وكالة 2\app.py:132]
2026-05-14 21:11:39,227 WARNING: 404 خطأ: /static/css/style.css [in F:\بايثون\وكالة 2\app.py:132]
2026-05-14 21:11:39,242 WARNING: 404 خطأ: /static/js/main.js [in F:\بايثون\وكالة 2\app.py:132]
2026-05-14 21:11:49,163 WARNING: 404 خطأ: /static/css/style.css [in F:\بايثون\وكالة 2\app.py:132]
2026-05-14 21:11:49,273 WARNING: 404 خطأ: /static/css/style.css [in F:\بايثون\وكالة 2\app.py:132]
2026-05-16 17:40:01,055 WARNING: 404 خطأ: /static/css/style.css [in F:\بايثون\وكالة 2\app.py:132]
2026-05-16 17:40:01,059 WARNING: 404 خطأ: /static/js/main.js [in F:\بايثون\وكالة 2\app.py:132]
2026-05-16 17:40:01,821 WARNING: 404 خطأ: /static/css/style.css [in F:\بايثون\وكالة 2\app.py:132]
2026-05-16 17:40:02,774 WARNING: 404 خطأ: /favicon.ico [in F:\بايثون\وكالة 2\app.py:132]
2026-05-16 17:50:16,978 WARNING: 404 خطأ: /static/css/style.css [in F:\بايثون\وكالة 2\app.py:132]
2026-05-16 17:50:16,987 WARNING: 404 خطأ: /static/js/main.js [in F:\بايثون\وكالة 2\app.py:132]
2026-05-16 17:50:17,947 WARNING: 404 خطأ: /static/css/style.css [in F:\بايثون\وكالة 2\app.py:132]
2026-05-16 17:50:19,370 WARNING: 404 خطأ: /favicon.ico [in F:\بايثون\وكالة 2\app.py:132]
2026-05-17 19:44:43,936 INFO: MasarCode Agency Started [in F:\بايثون\وكالة 2\app.py:35]
2026-05-17 20:00:39,079 INFO: MasarCode Agency Started [in F:\بايثون\وكالة 2\app.py:35]
2026-05-17 20:23:35,932 INFO: MasarCode Agency Started [in F:\بايثون\وكالة 2\app.py:35]
2026-05-17 20:35:01,207 INFO: MasarCode Agency Started [in F:\بايثون\وكالة 2\app.py:35]
